Flow report for group27
Tue Oct 18 15:24:01 2016
Quartus II 64-Bit Version 13.0.0 Build 156 04/24/2013 SJ Full Version


---------------------
; Table of Contents ;
---------------------
  1. Legal Notice
  2. Flow Summary
  3. Flow Settings
  4. Flow Non-Default Global Settings
  5. Flow Elapsed Time
  6. Flow OS Summary
  7. Flow Log
  8. Flow Messages
  9. Flow Suppressed Messages



----------------
; Legal Notice ;
----------------
Copyright (C) 1991-2013 Altera Corporation
Your use of Altera Corporation's design tools, logic functions 
and other software and tools, and its AMPP partner logic 
functions, and any output files from any of the foregoing 
(including device programming or simulation files), and any 
associated documentation or information are expressly subject 
to the terms and conditions of the Altera Program License 
Subscription Agreement, Altera MegaCore Function License 
Agreement, or other applicable license agreement, including, 
without limitation, that your use is for the sole purpose of 
programming logic devices manufactured by Altera and sold by 
Altera or its authorized distributors.  Please refer to the 
applicable agreement for further details.



+-------------------------------------------------------------------------+
; Flow Summary                                                            ;
+---------------------------+---------------------------------------------+
; Flow Status               ; Successful - Tue Oct 18 15:23:58 2016       ;
; Quartus II 64-Bit Version ; 13.0.0 Build 156 04/24/2013 SJ Full Version ;
; Revision Name             ; group27                                     ;
; Top-level Entity Name     ; a                                           ;
; Family                    ; MAX7000AE                                   ;
; Device                    ; EPM7064AELC44-10                            ;
; Timing Models             ; Final                                       ;
; Total macrocells          ; 30 / 64 ( 47 % )                            ;
; Total pins                ; 26 / 36 ( 72 % )                            ;
+---------------------------+---------------------------------------------+


+-----------------------------------------+
; Flow Settings                           ;
+-------------------+---------------------+
; Option            ; Setting             ;
+-------------------+---------------------+
; Start date & time ; 10/18/2016 15:23:49 ;
; Main task         ; Compilation         ;
; Revision Name     ; group27             ;
+-------------------+---------------------+


+-------------------------------------------------------------------------------------------------------+
; Flow Non-Default Global Settings                                                                      ;
+--------------------------+---------------------------------+---------------+-------------+------------+
; Assignment Name          ; Value                           ; Default Value ; Entity Name ; Section Id ;
+--------------------------+---------------------------------+---------------+-------------+------------+
; COMPILER_SIGNATURE_ID    ; 109952947362824.147675742904868 ; --            ; --          ; --         ;
; FITTER_EFFORT            ; Standard Fit                    ; Auto Fit      ; --          ; --         ;
; OPTIMIZE_HOLD_TIMING     ; Off                             ; --            ; --          ; --         ;
; PROJECT_OUTPUT_DIRECTORY ; output_files                    ; --            ; --          ; --         ;
; TOP_LEVEL_ENTITY         ; a                               ; group27       ; --          ; --         ;
+--------------------------+---------------------------------+---------------+-------------+------------+


+-------------------------------------------------------------------------------------------------------------------------------+
; Flow Elapsed Time                                                                                                             ;
+---------------------------+--------------+-------------------------+---------------------+------------------------------------+
; Module Name               ; Elapsed Time ; Average Processors Used ; Peak Virtual Memory ; Total CPU Time (on all processors) ;
+---------------------------+--------------+-------------------------+---------------------+------------------------------------+
; Analysis & Synthesis      ; 00:00:04     ; 1.0                     ; 472 MB              ; 00:00:02                           ;
; Fitter                    ; 00:00:01     ; 1.0                     ; 556 MB              ; 00:00:01                           ;
; Assembler                 ; 00:00:00     ; 1.0                     ; 388 MB              ; 00:00:00                           ;
; TimeQuest Timing Analyzer ; 00:00:01     ; 1.0                     ; 400 MB              ; 00:00:01                           ;
; Total                     ; 00:00:06     ; --                      ; --                  ; 00:00:04                           ;
+---------------------------+--------------+-------------------------+---------------------+------------------------------------+


+----------------------------------------------------------------------------------------+
; Flow OS Summary                                                                        ;
+---------------------------+------------------+-----------+------------+----------------+
; Module Name               ; Machine Hostname ; OS Name   ; OS Version ; Processor type ;
+---------------------------+------------------+-----------+------------+----------------+
; Analysis & Synthesis      ; EN-337529        ; Windows 7 ; 6.1        ; x86_64         ;
; Fitter                    ; EN-337529        ; Windows 7 ; 6.1        ; x86_64         ;
; Assembler                 ; EN-337529        ; Windows 7 ; 6.1        ; x86_64         ;
; TimeQuest Timing Analyzer ; EN-337529        ; Windows 7 ; 6.1        ; x86_64         ;
+---------------------------+------------------+-----------+------------+----------------+


------------
; Flow Log ;
------------
quartus_map --read_settings_files=on --write_settings_files=off group27 -c group27
quartus_fit --read_settings_files=off --write_settings_files=off group27 -c group27
quartus_asm --read_settings_files=off --write_settings_files=off group27 -c group27
quartus_sta group27 -c group27



