Analysis & Synthesis report for group27
Tue Oct 18 15:23:53 2016
Quartus II 64-Bit Version 13.0.0 Build 156 04/24/2013 SJ Full Version


---------------------
; Table of Contents ;
---------------------
  1. Legal Notice
  2. Analysis & Synthesis Summary
  3. Analysis & Synthesis Settings
  4. Parallel Compilation
  5. Analysis & Synthesis Source Files Read
  6. Analysis & Synthesis Resource Usage Summary
  7. Analysis & Synthesis Resource Utilization by Entity
  8. State Machine - |a|group27:inst|CS
  9. Parameter Settings for Inferred Entity Instance: S_counter:inst4|lpm_counter:tmpS_rtl_0
 10. Parameter Settings for Inferred Entity Instance: S_counter:inst4|lpm_counter:tmpN_rtl_0
 11. Analysis & Synthesis Messages



----------------
; Legal Notice ;
----------------
Copyright (C) 1991-2013 Altera Corporation
Your use of Altera Corporation's design tools, logic functions 
and other software and tools, and its AMPP partner logic 
functions, and any output files from any of the foregoing 
(including device programming or simulation files), and any 
associated documentation or information are expressly subject 
to the terms and conditions of the Altera Program License 
Subscription Agreement, Altera MegaCore Function License 
Agreement, or other applicable license agreement, including, 
without limitation, that your use is for the sole purpose of 
programming logic devices manufactured by Altera and sold by 
Altera or its authorized distributors.  Please refer to the 
applicable agreement for further details.



+---------------------------------------------------------------------------+
; Analysis & Synthesis Summary                                              ;
+-----------------------------+---------------------------------------------+
; Analysis & Synthesis Status ; Successful - Tue Oct 18 15:23:52 2016       ;
; Quartus II 64-Bit Version   ; 13.0.0 Build 156 04/24/2013 SJ Full Version ;
; Revision Name               ; group27                                     ;
; Top-level Entity Name       ; a                                           ;
; Family                      ; MAX7000AE                                   ;
; Total macrocells            ; 30                                          ;
; Total pins                  ; 22                                          ;
+-----------------------------+---------------------------------------------+


+---------------------------------------------------------------------------------------------------------------+
; Analysis & Synthesis Settings                                                                                 ;
+----------------------------------------------------------------------------+------------------+---------------+
; Option                                                                     ; Setting          ; Default Value ;
+----------------------------------------------------------------------------+------------------+---------------+
; Device                                                                     ; EPM7064AELC44-10 ;               ;
; Top-level entity name                                                      ; a                ; group27       ;
; Family name                                                                ; MAX7000AE        ; Cyclone IV GX ;
; Use smart compilation                                                      ; Off              ; Off           ;
; Enable parallel Assembler and TimeQuest Timing Analyzer during compilation ; On               ; On            ;
; Enable compact report table                                                ; Off              ; Off           ;
; Create Debugging Nodes for IP Cores                                        ; Off              ; Off           ;
; Preserve fewer node names                                                  ; On               ; On            ;
; Disable OpenCore Plus hardware evaluation                                  ; Off              ; Off           ;
; Verilog Version                                                            ; Verilog_2001     ; Verilog_2001  ;
; VHDL Version                                                               ; VHDL_1993        ; VHDL_1993     ;
; State Machine Processing                                                   ; Auto             ; Auto          ;
; Safe State Machine                                                         ; Off              ; Off           ;
; Extract Verilog State Machines                                             ; On               ; On            ;
; Extract VHDL State Machines                                                ; On               ; On            ;
; Ignore Verilog initial constructs                                          ; Off              ; Off           ;
; Iteration limit for constant Verilog loops                                 ; 5000             ; 5000          ;
; Iteration limit for non-constant Verilog loops                             ; 250              ; 250           ;
; Add Pass-Through Logic to Inferred RAMs                                    ; On               ; On            ;
; Infer RAMs from Raw Logic                                                  ; On               ; On            ;
; Parallel Synthesis                                                         ; On               ; On            ;
; NOT Gate Push-Back                                                         ; On               ; On            ;
; Power-Up Don't Care                                                        ; On               ; On            ;
; Remove Duplicate Registers                                                 ; On               ; On            ;
; Ignore CARRY Buffers                                                       ; Off              ; Off           ;
; Ignore CASCADE Buffers                                                     ; Off              ; Off           ;
; Ignore GLOBAL Buffers                                                      ; Off              ; Off           ;
; Ignore ROW GLOBAL Buffers                                                  ; Off              ; Off           ;
; Ignore LCELL Buffers                                                       ; Auto             ; Auto          ;
; Ignore SOFT Buffers                                                        ; Off              ; Off           ;
; Limit AHDL Integers to 32 Bits                                             ; Off              ; Off           ;
; Optimization Technique                                                     ; Speed            ; Speed         ;
; Allow XOR Gate Usage                                                       ; On               ; On            ;
; Auto Logic Cell Insertion                                                  ; On               ; On            ;
; Parallel Expander Chain Length                                             ; 4                ; 4             ;
; Auto Parallel Expanders                                                    ; On               ; On            ;
; Auto Open-Drain Pins                                                       ; On               ; On            ;
; Auto Resource Sharing                                                      ; Off              ; Off           ;
; Maximum Fan-in Per Macrocell                                               ; 100              ; 100           ;
; Use LogicLock Constraints during Resource Balancing                        ; On               ; On            ;
; Ignore translate_off and synthesis_off directives                          ; Off              ; Off           ;
; Report Parameter Settings                                                  ; On               ; On            ;
; Report Source Assignments                                                  ; On               ; On            ;
; Report Connectivity Checks                                                 ; On               ; On            ;
; HDL message level                                                          ; Level2           ; Level2        ;
; Suppress Register Optimization Related Messages                            ; Off              ; Off           ;
; Number of Removed Registers Reported in Synthesis Report                   ; 5000             ; 5000          ;
; Number of Swept Nodes Reported in Synthesis Report                         ; 5000             ; 5000          ;
; Number of Inverted Registers Reported in Synthesis Report                  ; 100              ; 100           ;
; Block Design Naming                                                        ; Auto             ; Auto          ;
; Synthesis Effort                                                           ; Auto             ; Auto          ;
; Shift Register Replacement - Allow Asynchronous Clear Signal               ; On               ; On            ;
; Pre-Mapping Resynthesis Optimization                                       ; Off              ; Off           ;
; Analysis & Synthesis Message Level                                         ; Medium           ; Medium        ;
; Disable Register Merging Across Hierarchies                                ; Auto             ; Auto          ;
; Synthesis Seed                                                             ; 1                ; 1             ;
+----------------------------------------------------------------------------+------------------+---------------+


+------------------------------------------+
; Parallel Compilation                     ;
+----------------------------+-------------+
; Processors                 ; Number      ;
+----------------------------+-------------+
; Number detected on machine ; 4           ;
; Maximum allowed            ; 4           ;
;                            ;             ;
; Average used               ; 1.00        ;
; Maximum used               ; 1           ;
;                            ;             ;
; Usage by Processor         ; % Time Used ;
;     Processor 1            ; 100.0%      ;
;     Processors 2-4         ;   0.0%      ;
+----------------------------+-------------+


+----------------------------------------------------------------------------------------------------------------------------------------------------------------------------+
; Analysis & Synthesis Source Files Read                                                                                                                                     ;
+----------------------------------+-----------------+------------------------------------+------------------------------------------------------------------------+---------+
; File Name with User-Entered Path ; Used in Netlist ; File Type                          ; File Name with Absolute Path                                           ; Library ;
+----------------------------------+-----------------+------------------------------------+------------------------------------------------------------------------+---------+
; group27.vhd                      ; yes             ; User VHDL File                     ; D:/Group27/group27 (VHDL_CPLD)/group27.vhd                             ;         ;
; S_CMP15.vhd                      ; yes             ; User VHDL File                     ; D:/Group27/group27 (VHDL_CPLD)/S_CMP15.vhd                             ;         ;
; S_CMP7.vhd                       ; yes             ; User VHDL File                     ; D:/Group27/group27 (VHDL_CPLD)/S_CMP7.vhd                              ;         ;
; shift_reg.vhd                    ; yes             ; User VHDL File                     ; D:/Group27/group27 (VHDL_CPLD)/shift_reg.vhd                           ;         ;
; seven_seg.vhd                    ; yes             ; User VHDL File                     ; D:/Group27/group27 (VHDL_CPLD)/seven_seg.vhd                           ;         ;
; S_counter.vhd                    ; yes             ; User VHDL File                     ; D:/Group27/group27 (VHDL_CPLD)/S_counter.vhd                           ;         ;
; N_CMP7.vhd                       ; yes             ; User VHDL File                     ; D:/Group27/group27 (VHDL_CPLD)/N_CMP7.vhd                              ;         ;
; display.vhd                      ; yes             ; User VHDL File                     ; D:/Group27/group27 (VHDL_CPLD)/display.vhd                             ;         ;
; a.bdf                            ; yes             ; User Block Diagram/Schematic File  ; D:/Group27/group27 (VHDL_CPLD)/a.bdf                                   ;         ;
; lpm_counter.tdf                  ; yes             ; Megafunction                       ; c:/altera/13.0/quartus/libraries/megafunctions/lpm_counter.tdf         ;         ;
; lpm_constant.inc                 ; yes             ; Megafunction                       ; c:/altera/13.0/quartus/libraries/megafunctions/lpm_constant.inc        ;         ;
; lpm_decode.inc                   ; yes             ; Megafunction                       ; c:/altera/13.0/quartus/libraries/megafunctions/lpm_decode.inc          ;         ;
; lpm_add_sub.inc                  ; yes             ; Megafunction                       ; c:/altera/13.0/quartus/libraries/megafunctions/lpm_add_sub.inc         ;         ;
; cmpconst.inc                     ; yes             ; Megafunction                       ; c:/altera/13.0/quartus/libraries/megafunctions/cmpconst.inc            ;         ;
; lpm_compare.inc                  ; yes             ; Megafunction                       ; c:/altera/13.0/quartus/libraries/megafunctions/lpm_compare.inc         ;         ;
; lpm_counter.inc                  ; yes             ; Megafunction                       ; c:/altera/13.0/quartus/libraries/megafunctions/lpm_counter.inc         ;         ;
; dffeea.inc                       ; yes             ; Megafunction                       ; c:/altera/13.0/quartus/libraries/megafunctions/dffeea.inc              ;         ;
; alt_counter_stratix.inc          ; yes             ; Megafunction                       ; c:/altera/13.0/quartus/libraries/megafunctions/alt_counter_stratix.inc ;         ;
; aglobal130.inc                   ; yes             ; Megafunction                       ; c:/altera/13.0/quartus/libraries/megafunctions/aglobal130.inc          ;         ;
+----------------------------------+-----------------+------------------------------------+------------------------------------------------------------------------+---------+


+-----------------------------------------------------------------------+
; Analysis & Synthesis Resource Usage Summary                           ;
+----------------------+------------------------------------------------+
; Resource             ; Usage                                          ;
+----------------------+------------------------------------------------+
; Logic cells          ; 30                                             ;
; Total registers      ; 18                                             ;
; I/O pins             ; 22                                             ;
; Maximum fan-out node ; S_counter:inst4|lpm_counter:tmpS_rtl_0|dffs[0] ;
; Maximum fan-out      ; 18                                             ;
; Total fan-out        ; 204                                            ;
; Average fan-out      ; 3.92                                           ;
+----------------------+------------------------------------------------+


+---------------------------------------------------------------------------------------------------------------+
; Analysis & Synthesis Resource Utilization by Entity                                                           ;
+--------------------------------+------------+------+-------------------------------------------+--------------+
; Compilation Hierarchy Node     ; Macrocells ; Pins ; Full Hierarchy Name                       ; Library Name ;
+--------------------------------+------------+------+-------------------------------------------+--------------+
; |a                             ; 30         ; 22   ; |a                                        ; work         ;
;    |S_counter:inst4|           ; 8          ; 0    ; |a|S_counter:inst4                        ; work         ;
;       |lpm_counter:tmpN_rtl_0| ; 4          ; 0    ; |a|S_counter:inst4|lpm_counter:tmpN_rtl_0 ; work         ;
;       |lpm_counter:tmpS_rtl_0| ; 4          ; 0    ; |a|S_counter:inst4|lpm_counter:tmpS_rtl_0 ; work         ;
;    |display:inst2|             ; 4          ; 0    ; |a|display:inst2                          ; work         ;
;    |group27:inst|              ; 2          ; 0    ; |a|group27:inst                           ; work         ;
;    |seven_seg:inst1|           ; 7          ; 0    ; |a|seven_seg:inst1                        ; work         ;
;    |shift_reg:inst3|           ; 9          ; 0    ; |a|shift_reg:inst3                        ; work         ;
+--------------------------------+------------+------+-------------------------------------------+--------------+


Encoding Type:  Minimal Bits
+--------------------------------------------+
; State Machine - |a|group27:inst|CS         ;
+----------+----------------+----------------+
; Name     ; CS.state_bit_1 ; CS.state_bit_0 ;
+----------+----------------+----------------+
; CS.idle  ; 0              ; 0              ;
; CS.start ; 0              ; 1              ;
; CS.data  ; 1              ; 0              ;
; CS.stop  ; 1              ; 1              ;
+----------+----------------+----------------+


+-----------------------------------------------------------------------------------------+
; Parameter Settings for Inferred Entity Instance: S_counter:inst4|lpm_counter:tmpS_rtl_0 ;
+------------------------+-------------------+--------------------------------------------+
; Parameter Name         ; Value             ; Type                                       ;
+------------------------+-------------------+--------------------------------------------+
; AUTO_CARRY_CHAINS      ; ON                ; AUTO_CARRY                                 ;
; IGNORE_CARRY_BUFFERS   ; OFF               ; IGNORE_CARRY                               ;
; AUTO_CASCADE_CHAINS    ; ON                ; AUTO_CASCADE                               ;
; IGNORE_CASCADE_BUFFERS ; OFF               ; IGNORE_CASCADE                             ;
; LPM_WIDTH              ; 4                 ; Untyped                                    ;
; LPM_DIRECTION          ; UP                ; Untyped                                    ;
; LPM_MODULUS            ; 0                 ; Untyped                                    ;
; LPM_AVALUE             ; UNUSED            ; Untyped                                    ;
; LPM_SVALUE             ; UNUSED            ; Untyped                                    ;
; LPM_PORT_UPDOWN        ; PORT_CONNECTIVITY ; Untyped                                    ;
; DEVICE_FAMILY          ; MAX7000AE         ; Untyped                                    ;
; CARRY_CHAIN            ; MANUAL            ; Untyped                                    ;
; CARRY_CHAIN_LENGTH     ; 48                ; CARRY_CHAIN_LENGTH                         ;
; NOT_GATE_PUSH_BACK     ; ON                ; NOT_GATE_PUSH_BACK                         ;
; CARRY_CNT_EN           ; SMART             ; Untyped                                    ;
; LABWIDE_SCLR           ; ON                ; Untyped                                    ;
; USE_NEW_VERSION        ; TRUE              ; Untyped                                    ;
; CBXI_PARAMETER         ; NOTHING           ; Untyped                                    ;
+------------------------+-------------------+--------------------------------------------+
Note: In order to hide this table in the UI and the text report file, please set the "Show Parameter Settings in Synthesis Report" option in "Analysis and Synthesis Settings -> More Settings" to "Off".


+-----------------------------------------------------------------------------------------+
; Parameter Settings for Inferred Entity Instance: S_counter:inst4|lpm_counter:tmpN_rtl_0 ;
+------------------------+-------------------+--------------------------------------------+
; Parameter Name         ; Value             ; Type                                       ;
+------------------------+-------------------+--------------------------------------------+
; AUTO_CARRY_CHAINS      ; ON                ; AUTO_CARRY                                 ;
; IGNORE_CARRY_BUFFERS   ; OFF               ; IGNORE_CARRY                               ;
; AUTO_CASCADE_CHAINS    ; ON                ; AUTO_CASCADE                               ;
; IGNORE_CASCADE_BUFFERS ; OFF               ; IGNORE_CASCADE                             ;
; LPM_WIDTH              ; 4                 ; Untyped                                    ;
; LPM_DIRECTION          ; UP                ; Untyped                                    ;
; LPM_MODULUS            ; 0                 ; Untyped                                    ;
; LPM_AVALUE             ; UNUSED            ; Untyped                                    ;
; LPM_SVALUE             ; UNUSED            ; Untyped                                    ;
; LPM_PORT_UPDOWN        ; PORT_CONNECTIVITY ; Untyped                                    ;
; DEVICE_FAMILY          ; MAX7000AE         ; Untyped                                    ;
; CARRY_CHAIN            ; MANUAL            ; Untyped                                    ;
; CARRY_CHAIN_LENGTH     ; 48                ; CARRY_CHAIN_LENGTH                         ;
; NOT_GATE_PUSH_BACK     ; ON                ; NOT_GATE_PUSH_BACK                         ;
; CARRY_CNT_EN           ; SMART             ; Untyped                                    ;
; LABWIDE_SCLR           ; ON                ; Untyped                                    ;
; USE_NEW_VERSION        ; TRUE              ; Untyped                                    ;
; CBXI_PARAMETER         ; NOTHING           ; Untyped                                    ;
+------------------------+-------------------+--------------------------------------------+
Note: In order to hide this table in the UI and the text report file, please set the "Show Parameter Settings in Synthesis Report" option in "Analysis and Synthesis Settings -> More Settings" to "Off".


+-------------------------------+
; Analysis & Synthesis Messages ;
+-------------------------------+
Info: *******************************************************************
Info: Running Quartus II 64-Bit Analysis & Synthesis
    Info: Version 13.0.0 Build 156 04/24/2013 SJ Full Version
    Info: Processing started: Tue Oct 18 15:23:48 2016
Info: Command: quartus_map --read_settings_files=on --write_settings_files=off group27 -c group27
Info (20030): Parallel compilation is enabled and will use 4 of the 4 processors detected
Info (12021): Found 2 design units, including 1 entities, in source file group27.vhd
    Info (12022): Found design unit 1: group27-mix
    Info (12023): Found entity 1: group27
Info (12021): Found 2 design units, including 1 entities, in source file s_cmp15.vhd
    Info (12022): Found design unit 1: S_CMP15-mix
    Info (12023): Found entity 1: S_CMP15
Info (12021): Found 2 design units, including 1 entities, in source file s_cmp7.vhd
    Info (12022): Found design unit 1: S_CMP7-mix
    Info (12023): Found entity 1: S_CMP7
Info (12021): Found 2 design units, including 1 entities, in source file shift_reg.vhd
    Info (12022): Found design unit 1: shift_reg-mix
    Info (12023): Found entity 1: shift_reg
Info (12021): Found 2 design units, including 1 entities, in source file seven_seg.vhd
    Info (12022): Found design unit 1: seven_seg-Behavioral
    Info (12023): Found entity 1: seven_seg
Info (12021): Found 2 design units, including 1 entities, in source file s_counter.vhd
    Info (12022): Found design unit 1: S_counter-archi
    Info (12023): Found entity 1: S_counter
Info (12021): Found 2 design units, including 1 entities, in source file n_cmp7.vhd
    Info (12022): Found design unit 1: N_CMP7-mix
    Info (12023): Found entity 1: N_CMP7
Info (12021): Found 2 design units, including 1 entities, in source file display.vhd
    Info (12022): Found design unit 1: display-Behavioral
    Info (12023): Found entity 1: display
Info (12021): Found 1 design units, including 1 entities, in source file a.bdf
    Info (12023): Found entity 1: a
Info (12127): Elaborating entity "a" for the top level hierarchy
Info (12128): Elaborating entity "shift_reg" for hierarchy "shift_reg:inst3"
Info (12128): Elaborating entity "group27" for hierarchy "group27:inst"
Info (12128): Elaborating entity "N_CMP7" for hierarchy "N_CMP7:inst10"
Info (12128): Elaborating entity "S_counter" for hierarchy "S_counter:inst4"
Info (12128): Elaborating entity "S_CMP15" for hierarchy "S_CMP15:inst5"
Info (12128): Elaborating entity "S_CMP7" for hierarchy "S_CMP7:inst6"
Info (12128): Elaborating entity "display" for hierarchy "display:inst2"
Info (12128): Elaborating entity "seven_seg" for hierarchy "seven_seg:inst1"
Info (19000): Inferred 2 megafunctions from design logic
    Info (19001): Inferred lpm_counter megafunction (LPM_WIDTH=4) from the following logic: "S_counter:inst4|tmpS_rtl_0"
    Info (19001): Inferred lpm_counter megafunction (LPM_WIDTH=4) from the following logic: "S_counter:inst4|tmpN_rtl_0"
Info (12130): Elaborated megafunction instantiation "S_counter:inst4|lpm_counter:tmpS_rtl_0"
Info (12133): Instantiated megafunction "S_counter:inst4|lpm_counter:tmpS_rtl_0" with the following parameter:
    Info (12134): Parameter "LPM_WIDTH" = "4"
    Info (12134): Parameter "LPM_DIRECTION" = "UP"
    Info (12134): Parameter "LPM_TYPE" = "LPM_COUNTER"
Info (280013): Promoted pin-driven signal(s) to global signal
    Info (280014): Promoted clock signal driven by pin "clk" to global clock signal
Info (21057): Implemented 52 device resources after synthesis - the final resource count might be different
    Info (21058): Implemented 2 input pins
    Info (21059): Implemented 20 output pins
    Info (21063): Implemented 30 macrocells
Info: Quartus II 64-Bit Analysis & Synthesis was successful. 0 errors, 0 warnings
    Info: Peak virtual memory: 472 megabytes
    Info: Processing ended: Tue Oct 18 15:23:53 2016
    Info: Elapsed time: 00:00:05
    Info: Total CPU time (on all processors): 00:00:02


